<?xml version="1.0" encoding="UTF-8" ?>
<testsuite failures="0" time="0.201" errors="0" skipped="0" tests="8" name="uk.ac.ebi.pride.sequence.aaindex.AaIndexTest">
  <properties>
    <property name="java.runtime.name" value="OpenJDK Runtime Environment"/>
    <property name="sun.boot.library.path" value="/usr/lib64/jvm/java-1.7.0-openjdk-1.7.0/jre/lib/amd64"/>
    <property name="java.vm.version" value="23.7-b01"/>
    <property name="java.vm.vendor" value="Oracle Corporation"/>
    <property name="java.vendor.url" value="http://java.oracle.com/"/>
    <property name="path.separator" value=":"/>
    <property name="java.vm.name" value="OpenJDK 64-Bit Server VM"/>
    <property name="file.encoding.pkg" value="sun.io"/>
    <property name="user.country" value="US"/>
    <property name="sun.java.launcher" value="SUN_STANDARD"/>
    <property name="sun.os.patch.level" value="unknown"/>
    <property name="java.vm.specification.name" value="Java Virtual Machine Specification"/>
    <property name="user.dir" value="/home/yperez/IdeaProjects/pride-features"/>
    <property name="java.runtime.version" value="1.7.0_21-b02"/>
    <property name="java.awt.graphicsenv" value="sun.awt.X11GraphicsEnvironment"/>
    <property name="basedir" value="/home/yperez/IdeaProjects/pride-features"/>
    <property name="java.endorsed.dirs" value="/usr/lib64/jvm/java-1.7.0-openjdk-1.7.0/jre/lib/endorsed"/>
    <property name="os.arch" value="amd64"/>
    <property name="surefire.real.class.path" value="/tmp/surefirebooter6080316762256398647.jar"/>
    <property name="java.io.tmpdir" value="/tmp"/>
    <property name="line.separator" value="
"/>
    <property name="java.vm.specification.vendor" value="Oracle Corporation"/>
    <property name="os.name" value="Linux"/>
    <property name="sun.jnu.encoding" value="UTF-8"/>
    <property name="java.library.path" value="/usr/local/ebi-app/idea-IU-117.798/bin:/usr/lib64/mpi/gcc/openmpi/lib64:/usr/java/packages/lib/amd64:/usr/lib64:/lib64:/lib:/usr/lib"/>
    <property name="surefire.test.class.path" value="/home/yperez/IdeaProjects/pride-features/target/test-classes:/home/yperez/IdeaProjects/pride-features/target/classes:/home/yperez/.m2/repository/org/slf4j/slf4j-api/1.6.1/slf4j-api-1.6.1.jar:/home/yperez/.m2/repository/ch/qos/logback/logback-core/0.9.24/logback-core-0.9.24.jar:/home/yperez/.m2/repository/ch/qos/logback/logback-classic/0.9.24/logback-classic-0.9.24.jar:/home/yperez/.m2/repository/junit/junit/4.4/junit-4.4.jar:/home/yperez/.m2/repository/uk/ac/ebi/pride/pride-utilities/0.1.19/pride-utilities-0.1.19.jar:/home/yperez/.m2/repository/com/lowagie/itext/4.2.0/itext-4.2.0.jar:/home/yperez/.m2/repository/org/bouncycastle/bctsp-jdk14/1.38/bctsp-jdk14-1.38.jar:/home/yperez/.m2/repository/org/bouncycastle/bcprov-jdk14/1.38/bcprov-jdk14-1.38.jar:/home/yperez/.m2/repository/org/bouncycastle/bcmail-jdk14/1.38/bcmail-jdk14-1.38.jar:/home/yperez/.m2/repository/dom4j/dom4j/1.6.1/dom4j-1.6.1.jar:/home/yperez/.m2/repository/jfree/jfreechart/1.0.12/jfreechart-1.0.12.jar:/home/yperez/.m2/repository/jfree/jcommon/1.0.15/jcommon-1.0.15.jar:/home/yperez/.m2/repository/org/swinglabs/pdf-renderer/1.0.5/pdf-renderer-1.0.5.jar:/home/yperez/.m2/repository/batik/batik-dom/1.6-1/batik-dom-1.6-1.jar:/home/yperez/.m2/repository/batik/batik-css/1.6-1/batik-css-1.6-1.jar:/home/yperez/.m2/repository/batik/batik-util/1.6-1/batik-util-1.6-1.jar:/home/yperez/.m2/repository/batik/batik-gui-util/1.6-1/batik-gui-util-1.6-1.jar:/home/yperez/.m2/repository/batik/batik-ext/1.6-1/batik-ext-1.6-1.jar:/home/yperez/.m2/repository/xml-apis/xmlParserAPIs/2.0.2/xmlParserAPIs-2.0.2.jar:/home/yperez/.m2/repository/batik/batik-xml/1.6-1/batik-xml-1.6-1.jar:/home/yperez/.m2/repository/xerces/xercesImpl/2.5.0/xercesImpl-2.5.0.jar:/home/yperez/.m2/repository/batik/batik-svggen/1.6-1/batik-svggen-1.6-1.jar:/home/yperez/.m2/repository/batik/batik-gvt/1.6-1/batik-gvt-1.6-1.jar:/home/yperez/.m2/repository/batik/batik-awt-util/1.6-1/batik-awt-util-1.6-1.jar:/home/yperez/.m2/repository/batik/batik-svg-dom/1.6-1/batik-svg-dom-1.6-1.jar:/home/yperez/.m2/repository/batik/batik-parser/1.6-1/batik-parser-1.6-1.jar:/home/yperez/.m2/repository/uk/ac/ebi/pride-mod/pride-mod/1.0.0-SNAPSHOT/pride-mod-1.0.0-SNAPSHOT.jar:/home/yperez/.m2/repository/log4j/log4j/1.2.16/log4j-1.2.16.jar:/home/yperez/.m2/repository/com/sun/xml/bind/jaxb-impl/2.2.4-1/jaxb-impl-2.2.4-1.jar:/home/yperez/.m2/repository/javax/xml/bind/jaxb-api/2.2.3/jaxb-api-2.2.3.jar:/home/yperez/.m2/repository/javax/xml/stream/stax-api/1.0-2/stax-api-1.0-2.jar:/home/yperez/.m2/repository/javax/activation/activation/1.1/activation-1.1.jar:/home/yperez/.m2/repository/com/sun/xml/bind/jaxb-xjc/2.2.4-1/jaxb-xjc-2.2.4-1.jar:/home/yperez/.m2/repository/uk/ac/ebi/pride/ms-data-core-api/0.11.1/ms-data-core-api-0.11.1.jar:/home/yperez/.m2/repository/uk/ac/ebi/jmzml/jmzml/1.7.1/jmzml-1.7.1.jar:/home/yperez/.m2/repository/org/slf4j/slf4j-log4j12/1.6.1/slf4j-log4j12-1.6.1.jar:/home/yperez/.m2/repository/psidev/psi/tools/xxindex/0.14/xxindex-0.14.jar:/home/yperez/.m2/repository/org/apache/commons/com.springsource.org.apache.commons.io/1.4.0/com.springsource.org.apache.commons.io-1.4.0.jar:/home/yperez/.m2/repository/cpdetector/cpdetector/1.0.7/cpdetector-1.0.7.jar:/home/yperez/.m2/repository/org/antlr/com.springsource.antlr/2.7.7/com.springsource.antlr-2.7.7.jar:/home/yperez/.m2/repository/jargs/jargs/1.0/jargs-1.0.jar:/home/yperez/.m2/repository/org/mozilla/intl/chardet/1.0/chardet-1.0.jar:/home/yperez/.m2/repository/org/apache/commons/com.springsource.org.apache.commons.logging/1.1.1/com.springsource.org.apache.commons.logging-1.1.1.jar:/home/yperez/.m2/repository/org/apache/log4j/com.springsource.org.apache.log4j/1.2.15/com.springsource.org.apache.log4j-1.2.15.jar:/home/yperez/.m2/repository/commons-collections/commons-collections/3.2.1/commons-collections-3.2.1.jar:/home/yperez/.m2/repository/commons-codec/commons-codec/1.7/commons-codec-1.7.jar:/home/yperez/.m2/repository/it/unimi/dsi/fastutil/6.5.1/fastutil-6.5.1.jar:/home/yperez/.m2/repository/uk/ac/ebi/jmzidml/jmzidentml/1.1.6/jmzidentml-1.1.6.jar:/home/yperez/.m2/repository/uk/ac/ebi/pride/tools/jmzreader/1.2.0/jmzreader-1.2.0.jar:/home/yperez/.m2/repository/uk/ac/ebi/pride/tools/mzxml-parser/1.3.1/mzxml-parser-1.3.1.jar:/home/yperez/.m2/repository/uk/ac/ebi/pride/tools/pkl-parser/1.2.1/pkl-parser-1.2.1.jar:/home/yperez/.m2/repository/uk/ac/ebi/pride/tools/braf/1.0.1/braf-1.0.1.jar:/home/yperez/.m2/repository/uk/ac/ebi/pride/tools/dta-parser/1.2.1/dta-parser-1.2.1.jar:/home/yperez/.m2/repository/uk/ac/ebi/pride/tools/ms2-parser/1.2.1/ms2-parser-1.2.1.jar:/home/yperez/.m2/repository/uk/ac/ebi/pride/tools/mgf-parser/1.2.1/mgf-parser-1.2.1.jar:/home/yperez/.m2/repository/uk/ac/ebi/pride/tools/mzdata-parser/1.2.1/mzdata-parser-1.2.1.jar:/home/yperez/.m2/repository/uk/ac/ebi/pride/jaxb/pride-jaxb/1.0.12/pride-jaxb-1.0.12.jar:/home/yperez/.m2/repository/mysql/mysql-connector-java/5.1.24/mysql-connector-java-5.1.24.jar:/home/yperez/.m2/repository/org/jdom/jdom/2.0.2/jdom-2.0.2.jar:/home/yperez/.m2/repository/uk/ac/ebi/pride/chart/pride-chart/0.2.37/pride-chart-0.2.37.jar:/home/yperez/.m2/repository/org/json/json/20090211/json-20090211.jar:/home/yperez/.m2/repository/c3p0/c3p0/0.9.1.2/c3p0-0.9.1.2.jar:/home/yperez/.m2/repository/org/springframework/spring-jdbc/3.2.2.RELEASE/spring-jdbc-3.2.2.RELEASE.jar:/home/yperez/.m2/repository/org/springframework/spring-beans/3.2.2.RELEASE/spring-beans-3.2.2.RELEASE.jar:/home/yperez/.m2/repository/org/springframework/spring-core/3.2.2.RELEASE/spring-core-3.2.2.RELEASE.jar:/home/yperez/.m2/repository/commons-logging/commons-logging/1.1.1/commons-logging-1.1.1.jar:/home/yperez/.m2/repository/org/springframework/spring-tx/3.2.2.RELEASE/spring-tx-3.2.2.RELEASE.jar:/home/yperez/.m2/repository/aopalliance/aopalliance/1.0/aopalliance-1.0.jar:/home/yperez/.m2/repository/nz/ac/waikato/cms/weka/weka-stable/3.6.10/weka-stable-3.6.10.jar:/home/yperez/.m2/repository/net/sf/squirrel-sql/thirdparty-non-maven/java-cup/0.11a/java-cup-0.11a.jar:"/>
    <property name="java.specification.name" value="Java Platform API Specification"/>
    <property name="java.class.version" value="51.0"/>
    <property name="sun.management.compiler" value="HotSpot 64-Bit Tiered Compilers"/>
    <property name="os.version" value="3.4.47-2.38-desktop"/>
    <property name="user.home" value="/home/yperez"/>
    <property name="user.timezone" value=""/>
    <property name="java.awt.printerjob" value="sun.print.PSPrinterJob"/>
    <property name="file.encoding" value="UTF-8"/>
    <property name="java.specification.version" value="1.7"/>
    <property name="user.name" value="yperez"/>
    <property name="java.class.path" value="/home/yperez/IdeaProjects/pride-features/target/test-classes:/home/yperez/IdeaProjects/pride-features/target/classes:/home/yperez/.m2/repository/org/slf4j/slf4j-api/1.6.1/slf4j-api-1.6.1.jar:/home/yperez/.m2/repository/ch/qos/logback/logback-core/0.9.24/logback-core-0.9.24.jar:/home/yperez/.m2/repository/ch/qos/logback/logback-classic/0.9.24/logback-classic-0.9.24.jar:/home/yperez/.m2/repository/junit/junit/4.4/junit-4.4.jar:/home/yperez/.m2/repository/uk/ac/ebi/pride/pride-utilities/0.1.19/pride-utilities-0.1.19.jar:/home/yperez/.m2/repository/com/lowagie/itext/4.2.0/itext-4.2.0.jar:/home/yperez/.m2/repository/org/bouncycastle/bctsp-jdk14/1.38/bctsp-jdk14-1.38.jar:/home/yperez/.m2/repository/org/bouncycastle/bcprov-jdk14/1.38/bcprov-jdk14-1.38.jar:/home/yperez/.m2/repository/org/bouncycastle/bcmail-jdk14/1.38/bcmail-jdk14-1.38.jar:/home/yperez/.m2/repository/dom4j/dom4j/1.6.1/dom4j-1.6.1.jar:/home/yperez/.m2/repository/jfree/jfreechart/1.0.12/jfreechart-1.0.12.jar:/home/yperez/.m2/repository/jfree/jcommon/1.0.15/jcommon-1.0.15.jar:/home/yperez/.m2/repository/org/swinglabs/pdf-renderer/1.0.5/pdf-renderer-1.0.5.jar:/home/yperez/.m2/repository/batik/batik-dom/1.6-1/batik-dom-1.6-1.jar:/home/yperez/.m2/repository/batik/batik-css/1.6-1/batik-css-1.6-1.jar:/home/yperez/.m2/repository/batik/batik-util/1.6-1/batik-util-1.6-1.jar:/home/yperez/.m2/repository/batik/batik-gui-util/1.6-1/batik-gui-util-1.6-1.jar:/home/yperez/.m2/repository/batik/batik-ext/1.6-1/batik-ext-1.6-1.jar:/home/yperez/.m2/repository/xml-apis/xmlParserAPIs/2.0.2/xmlParserAPIs-2.0.2.jar:/home/yperez/.m2/repository/batik/batik-xml/1.6-1/batik-xml-1.6-1.jar:/home/yperez/.m2/repository/xerces/xercesImpl/2.5.0/xercesImpl-2.5.0.jar:/home/yperez/.m2/repository/batik/batik-svggen/1.6-1/batik-svggen-1.6-1.jar:/home/yperez/.m2/repository/batik/batik-gvt/1.6-1/batik-gvt-1.6-1.jar:/home/yperez/.m2/repository/batik/batik-awt-util/1.6-1/batik-awt-util-1.6-1.jar:/home/yperez/.m2/repository/batik/batik-svg-dom/1.6-1/batik-svg-dom-1.6-1.jar:/home/yperez/.m2/repository/batik/batik-parser/1.6-1/batik-parser-1.6-1.jar:/home/yperez/.m2/repository/uk/ac/ebi/pride-mod/pride-mod/1.0.0-SNAPSHOT/pride-mod-1.0.0-SNAPSHOT.jar:/home/yperez/.m2/repository/log4j/log4j/1.2.16/log4j-1.2.16.jar:/home/yperez/.m2/repository/com/sun/xml/bind/jaxb-impl/2.2.4-1/jaxb-impl-2.2.4-1.jar:/home/yperez/.m2/repository/javax/xml/bind/jaxb-api/2.2.3/jaxb-api-2.2.3.jar:/home/yperez/.m2/repository/javax/xml/stream/stax-api/1.0-2/stax-api-1.0-2.jar:/home/yperez/.m2/repository/javax/activation/activation/1.1/activation-1.1.jar:/home/yperez/.m2/repository/com/sun/xml/bind/jaxb-xjc/2.2.4-1/jaxb-xjc-2.2.4-1.jar:/home/yperez/.m2/repository/uk/ac/ebi/pride/ms-data-core-api/0.11.1/ms-data-core-api-0.11.1.jar:/home/yperez/.m2/repository/uk/ac/ebi/jmzml/jmzml/1.7.1/jmzml-1.7.1.jar:/home/yperez/.m2/repository/org/slf4j/slf4j-log4j12/1.6.1/slf4j-log4j12-1.6.1.jar:/home/yperez/.m2/repository/psidev/psi/tools/xxindex/0.14/xxindex-0.14.jar:/home/yperez/.m2/repository/org/apache/commons/com.springsource.org.apache.commons.io/1.4.0/com.springsource.org.apache.commons.io-1.4.0.jar:/home/yperez/.m2/repository/cpdetector/cpdetector/1.0.7/cpdetector-1.0.7.jar:/home/yperez/.m2/repository/org/antlr/com.springsource.antlr/2.7.7/com.springsource.antlr-2.7.7.jar:/home/yperez/.m2/repository/jargs/jargs/1.0/jargs-1.0.jar:/home/yperez/.m2/repository/org/mozilla/intl/chardet/1.0/chardet-1.0.jar:/home/yperez/.m2/repository/org/apache/commons/com.springsource.org.apache.commons.logging/1.1.1/com.springsource.org.apache.commons.logging-1.1.1.jar:/home/yperez/.m2/repository/org/apache/log4j/com.springsource.org.apache.log4j/1.2.15/com.springsource.org.apache.log4j-1.2.15.jar:/home/yperez/.m2/repository/commons-collections/commons-collections/3.2.1/commons-collections-3.2.1.jar:/home/yperez/.m2/repository/commons-codec/commons-codec/1.7/commons-codec-1.7.jar:/home/yperez/.m2/repository/it/unimi/dsi/fastutil/6.5.1/fastutil-6.5.1.jar:/home/yperez/.m2/repository/uk/ac/ebi/jmzidml/jmzidentml/1.1.6/jmzidentml-1.1.6.jar:/home/yperez/.m2/repository/uk/ac/ebi/pride/tools/jmzreader/1.2.0/jmzreader-1.2.0.jar:/home/yperez/.m2/repository/uk/ac/ebi/pride/tools/mzxml-parser/1.3.1/mzxml-parser-1.3.1.jar:/home/yperez/.m2/repository/uk/ac/ebi/pride/tools/pkl-parser/1.2.1/pkl-parser-1.2.1.jar:/home/yperez/.m2/repository/uk/ac/ebi/pride/tools/braf/1.0.1/braf-1.0.1.jar:/home/yperez/.m2/repository/uk/ac/ebi/pride/tools/dta-parser/1.2.1/dta-parser-1.2.1.jar:/home/yperez/.m2/repository/uk/ac/ebi/pride/tools/ms2-parser/1.2.1/ms2-parser-1.2.1.jar:/home/yperez/.m2/repository/uk/ac/ebi/pride/tools/mgf-parser/1.2.1/mgf-parser-1.2.1.jar:/home/yperez/.m2/repository/uk/ac/ebi/pride/tools/mzdata-parser/1.2.1/mzdata-parser-1.2.1.jar:/home/yperez/.m2/repository/uk/ac/ebi/pride/jaxb/pride-jaxb/1.0.12/pride-jaxb-1.0.12.jar:/home/yperez/.m2/repository/mysql/mysql-connector-java/5.1.24/mysql-connector-java-5.1.24.jar:/home/yperez/.m2/repository/org/jdom/jdom/2.0.2/jdom-2.0.2.jar:/home/yperez/.m2/repository/uk/ac/ebi/pride/chart/pride-chart/0.2.37/pride-chart-0.2.37.jar:/home/yperez/.m2/repository/org/json/json/20090211/json-20090211.jar:/home/yperez/.m2/repository/c3p0/c3p0/0.9.1.2/c3p0-0.9.1.2.jar:/home/yperez/.m2/repository/org/springframework/spring-jdbc/3.2.2.RELEASE/spring-jdbc-3.2.2.RELEASE.jar:/home/yperez/.m2/repository/org/springframework/spring-beans/3.2.2.RELEASE/spring-beans-3.2.2.RELEASE.jar:/home/yperez/.m2/repository/org/springframework/spring-core/3.2.2.RELEASE/spring-core-3.2.2.RELEASE.jar:/home/yperez/.m2/repository/commons-logging/commons-logging/1.1.1/commons-logging-1.1.1.jar:/home/yperez/.m2/repository/org/springframework/spring-tx/3.2.2.RELEASE/spring-tx-3.2.2.RELEASE.jar:/home/yperez/.m2/repository/aopalliance/aopalliance/1.0/aopalliance-1.0.jar:/home/yperez/.m2/repository/nz/ac/waikato/cms/weka/weka-stable/3.6.10/weka-stable-3.6.10.jar:/home/yperez/.m2/repository/net/sf/squirrel-sql/thirdparty-non-maven/java-cup/0.11a/java-cup-0.11a.jar:"/>
    <property name="java.vm.specification.version" value="1.7"/>
    <property name="sun.arch.data.model" value="64"/>
    <property name="java.home" value="/usr/lib64/jvm/java-1.7.0-openjdk-1.7.0/jre"/>
    <property name="sun.java.command" value="/tmp/surefirebooter6080316762256398647.jar /tmp/surefire6410537918918015039tmp /tmp/surefire9025204549079659111tmp"/>
    <property name="java.specification.vendor" value="Oracle Corporation"/>
    <property name="user.language" value="en"/>
    <property name="awt.toolkit" value="sun.awt.X11.XToolkit"/>
    <property name="java.vm.info" value="mixed mode"/>
    <property name="java.version" value="1.7.0_21"/>
    <property name="java.ext.dirs" value="/usr/lib64/jvm/java-1.7.0-openjdk-1.7.0/jre/lib/ext:/usr/java/packages/lib/ext"/>
    <property name="sun.boot.class.path" value="/usr/lib64/jvm/java-1.7.0-openjdk-1.7.0/jre/lib/resources.jar:/usr/lib64/jvm/java-1.7.0-openjdk-1.7.0/jre/lib/rt.jar:/usr/lib64/jvm/java-1.7.0-openjdk-1.7.0/jre/lib/sunrsasign.jar:/usr/lib64/jvm/java-1.7.0-openjdk-1.7.0/jre/lib/jsse.jar:/usr/lib64/jvm/java-1.7.0-openjdk-1.7.0/jre/lib/jce.jar:/usr/lib64/jvm/java-1.7.0-openjdk-1.7.0/jre/lib/charsets.jar:/usr/lib64/jvm/java-1.7.0-openjdk-1.7.0/jre/lib/netx.jar:/usr/lib64/jvm/java-1.7.0-openjdk-1.7.0/jre/lib/plugin.jar:/usr/lib64/jvm/java-1.7.0-openjdk-1.7.0/jre/lib/rhino.jar:/usr/lib64/jvm/java-1.7.0-openjdk-1.7.0/jre/lib/jfr.jar:/usr/lib64/jvm/java-1.7.0-openjdk-1.7.0/jre/classes"/>
    <property name="java.vendor" value="Oracle Corporation"/>
    <property name="localRepository" value="/home/yperez/.m2/repository"/>
    <property name="file.separator" value="/"/>
    <property name="java.vendor.url.bug" value="http://bugreport.sun.com/bugreport/"/>
    <property name="sun.cpu.endian" value="little"/>
    <property name="sun.io.unicode.encoding" value="UnicodeLittle"/>
    <property name="sun.desktop" value="gnome"/>
    <property name="sun.cpu.isalist" value=""/>
  </properties>
  <testcase time="0.123" classname="uk.ac.ebi.pride.sequence.aaindex.AaIndexTest" name="testGetAminoAcidIndexByAccession"/>
  <testcase time="0.002" classname="uk.ac.ebi.pride.sequence.aaindex.AaIndexTest" name="testGetAaIndexEntryByAccession"/>
  <testcase time="0.024" classname="uk.ac.ebi.pride.sequence.aaindex.AaIndexTest" name="testGetAaIndexEntriesByDescriptionKeyWord"/>
  <testcase time="0.02" classname="uk.ac.ebi.pride.sequence.aaindex.AaIndexTest" name="testGetAaIndexEntriesByAuthorsKeyWord"/>
  <testcase time="0.022" classname="uk.ac.ebi.pride.sequence.aaindex.AaIndexTest" name="testGetAaIndexEntriesByManuscriptKeyWord"/>
  <testcase time="0.001" classname="uk.ac.ebi.pride.sequence.aaindex.AaIndexTest" name="testGetAvgAaIndexEntry"/>
  <testcase time="0.001" classname="uk.ac.ebi.pride.sequence.aaindex.AaIndexTest" name="testGetSumAaIndexEntry"/>
  <testcase time="0.002" classname="uk.ac.ebi.pride.sequence.aaindex.AaIndexTest" name="testGetAllAminoAcidIndexes"/>
</testsuite>